============================================================
  Generated by:           Genus(TM) Synthesis Solution 20.11-s111_1
  Generated on:           Nov 10 2023  01:38:21 pm
  Module:                 ElectricKettle
  Operating conditions:   _nominal_ (balanced_tree)
  Wireload mode:          enclosed
  Area mode:              timing library
============================================================


Path 1: MET (8984 ps) Setup Check with Pin state_reg[0]/CLK->SE
          Group: clk
     Startpoint: (R) temperature_sensor[2]
          Clock: (R) clk
       Endpoint: (R) state_reg[0]/SE
          Clock: (R) clk

                     Capture       Launch     
        Clock Edge:+   10000            0     
        Drv Adjust:+       0            0     
       Src Latency:+       0            0     
       Net Latency:+       0 (I)        0 (I) 
           Arrival:=   10000            0     
                                              
             Setup:-     111                  
       Uncertainty:-     200                  
     Required Time:=    9689                  
      Launch Clock:-       0                  
       Input Delay:-     300                  
         Data Path:-     405                  
             Slack:=    8984                  

Exceptions/Constraints:
  input_delay             300             constraints.sdc_line_33_5_1 

#------------------------------------------------------------------------------------------------
#     Timing Point      Flags    Arc    Edge   Cell     Fanout Load Trans Delay Arrival Instance 
#                                                              (fF)  (ps)  (ps)   (ps)  Location 
#------------------------------------------------------------------------------------------------
  temperature_sensor[2] -       -       R     (arrival)      1  1.4     0     0     300    (-,-) 
  g780__5115/Q          -       IN3->Q  R     AND3X1         1  1.7    36    70     370    (-,-) 
  g774__8246/Q          -       IN2->Q  R     OA21X1         1  1.8    35    70     440    (-,-) 
  g773__2802/Q          -       IN1->Q  R     AO21X1         3  7.0    50    83     523    (-,-) 
  g772__1617/QN         -       IN2->QN F     NAND2X1        3  8.4    74    39     562    (-,-) 
  g767__4319/QN         -       IN1->QN R     NAND2X1        1  2.0    44    27     589    (-,-) 
  g766__5107/Q          -       IN1->Q  R     AO221X1        3  8.4    64   116     705    (-,-) 
  state_reg[0]/SE       -       -       R     SDFFARX1       3    -     -     0     705    (-,-) 
#------------------------------------------------------------------------------------------------

